[debug] [2022-09-16T09:45:19.665Z] ----------------------------------------------------------------------
[debug] [2022-09-16T09:45:19.667Z] Command:       C:\Program Files\nodejs\node.exe C:\Users\EliteDesk\AppData\Roaming\npm\node_modules\firebase-tools\lib\bin\firebase.js deploy
[debug] [2022-09-16T09:45:19.668Z] CLI Version:   11.9.0
[debug] [2022-09-16T09:45:19.668Z] Platform:      win32
[debug] [2022-09-16T09:45:19.668Z] Node Version:  v14.18.1
[debug] [2022-09-16T09:45:19.674Z] Time:          Fri Sep 16 2022 09:45:19 GMT+0000 (Coordinated Universal Time)
[debug] [2022-09-16T09:45:19.674Z] ----------------------------------------------------------------------
[debug] 
[debug] [2022-09-16T09:45:19.766Z] > command requires scopes: ["email","openid","https://www.googleapis.com/auth/cloudplatformprojects.readonly","https://www.googleapis.com/auth/firebase","https://www.googleapis.com/auth/cloud-platform"]
[debug] [2022-09-16T09:45:19.766Z] > authorizing via signed-in user (fulleffectlabs@gmail.com)
[debug] [2022-09-16T09:45:19.767Z] [iam] checking project living-care for permissions ["firebase.projects.get","firebasehosting.sites.update"]
[debug] [2022-09-16T09:45:19.769Z] > refreshing access token with scopes: []
[debug] [2022-09-16T09:45:19.771Z] >>> [apiv2][query] POST https://www.googleapis.com/oauth2/v3/token [none]
[debug] [2022-09-16T09:45:19.771Z] >>> [apiv2][body] POST https://www.googleapis.com/oauth2/v3/token [omitted]
[debug] [2022-09-16T09:45:30.892Z] [iam] error while checking permissions, command may fail: FirebaseError: Authentication Error: Your credentials are no longer valid. Please run firebase login --reauth

For CI servers and headless environments, generate a new token with firebase login:ci
[debug] [2022-09-16T09:45:30.894Z] > refreshing access token with scopes: []
[debug] [2022-09-16T09:45:30.895Z] >>> [apiv2][query] POST https://www.googleapis.com/oauth2/v3/token [none]
[debug] [2022-09-16T09:45:30.895Z] >>> [apiv2][body] POST https://www.googleapis.com/oauth2/v3/token [omitted]
[debug] [2022-09-16T09:45:41.953Z] Authentication Error: Your credentials are no longer valid. Please run firebase login --reauth

For CI servers and headless environments, generate a new token with firebase login:ci
[debug] [2022-09-16T09:45:41.979Z] FirebaseError: Authentication Error: Your credentials are no longer valid. Please run firebase login --reauth

For CI servers and headless environments, generate a new token with firebase login:ci
    at invalidCredentialError (C:\Users\EliteDesk\AppData\Roaming\npm\node_modules\firebase-tools\lib\auth.js:144:12)
    at refreshTokens (C:\Users\EliteDesk\AppData\Roaming\npm\node_modules\firebase-tools\lib\auth.js:508:15)
    at processTicksAndRejections (internal/process/task_queues.js:95:5)
    at async Client.getAccessToken (C:\Users\EliteDesk\AppData\Roaming\npm\node_modules\firebase-tools\lib\apiv2.js:149:23)
    at async Client.addAuthHeader (C:\Users\EliteDesk\AppData\Roaming\npm\node_modules\firebase-tools\lib\apiv2.js:140:21)
    at async Client.request (C:\Users\EliteDesk\AppData\Roaming\npm\node_modules\firebase-tools\lib\apiv2.js:96:34)
    at async getFirebaseProject (C:\Users\EliteDesk\AppData\Roaming\npm\node_modules\firebase-tools\lib\management\projects.js:295:21)
    at async getDefaultHostingSite (C:\Users\EliteDesk\AppData\Roaming\npm\node_modules\firebase-tools\lib\getDefaultHostingSite.js:8:21)
    at async requireHostingSite (C:\Users\EliteDesk\AppData\Roaming\npm\node_modules\firebase-tools\lib\requireHostingSite.js:9:18)
    at async Object.fn (C:\Users\EliteDesk\AppData\Roaming\npm\node_modules\firebase-tools\lib\commands\deploy.js:74:9)
    at async C:\Users\EliteDesk\AppData\Roaming\npm\node_modules\firebase-tools\lib\command.js:214:17
[error] 
[error] Error: Failed to get Firebase project living-care. Please make sure the project exists and your account has permission to access it.
